<?xml version="1.0" encoding="UTF-8"?>
<!-- Generated by org.testng.reporters.JUnitXMLReporter -->
<testsuite hostname="gajanan-Latitude-3340" ignored="0" name="ShopPageTest" tests="2" failures="1" timestamp="02 Jun 2019 17:08:38 GMT" time="26.563" errors="0">
  <testcase name="verifySlidersCount" time="8.171" classname="com.practiceAutomation.tests.ShopPageTests">
    <failure type="java.lang.AssertionError" message="actualSlidersCount mismatch expected [3] but found [4]">
      <![CDATA[java.lang.AssertionError: actualSlidersCount mismatch expected [3] but found [4]
at com.practiceAutomation.tests.ShopPageTests.verifySlidersCount(ShopPageTests.java:45)
at java.util.concurrent.FutureTask.run(FutureTask.java:266)
at java.util.concurrent.ThreadPoolExecutor.runWorker(ThreadPoolExecutor.java:1149)
at java.util.concurrent.ThreadPoolExecutor$Worker.run(ThreadPoolExecutor.java:624)
at java.lang.Thread.run(Thread.java:748)
... Removed 21 stack frames]]>
    </failure>
  </testcase> <!-- verifySlidersCount -->
  <testcase name="verifyArriavalsCount" time="6.879" classname="com.practiceAutomation.tests.ShopPageTests"/>
</testsuite> <!-- ShopPageTest -->
